<?xml version="1.0" encoding="UTF-8"?>
<!-- Generated by org.testng.reporters.JUnitXMLReporter -->
<testsuite hostname="user-PC" ignored="1" name="Test" tests="5" failures="1" timestamp="08 Jun 2018 06:28:55 GMT" time="20.892" errors="0">
  <testcase name="testcase" time="0.001" classname="com.testngFramework.DifferentAnnotation"/>
  <testcase name="logintest" time="0.0" classname="com.testngFramework.TestNgFeature">
    <failure type="java.lang.ArithmeticException" message="/ by zero">
      <![CDATA[java.lang.ArithmeticException: / by zero
at com.testngFramework.TestNgFeature.logintest(TestNgFeature.java:10)
... Removed 25 stack frames]]>
    </failure>
  </testcase> <!-- logintest -->
  <testcase name="Registrationpagetest" time="0.0" classname="com.testngFramework.TestNgFeature"/>
  <testcase name="Searchtest" time="0.0" classname="com.testngFramework.TestNgFeature">
    <skipped/>
  </testcase> <!-- Searchtest -->
  <testcase name="verifylinkTest" time="0.059" classname="com.testngFramework.ValidationClass"/>
  <testcase name="titleTest" time="0.0" classname="com.testngFramework.ValidationClass">
    <ignored/>
  </testcase> <!-- titleTest -->
</testsuite> <!-- Test -->
