<?xml version="1.0" encoding="UTF-8"?>
<!-- Generated by org.testng.reporters.JUnitXMLReporter -->
<testsuite hostname="user-PC" ignored="0" name="Test" tests="3" failures="1" timestamp="04 May 2018 15:24:01 GMT" time="0.048" errors="0">
  <testcase name="testcase" time="0.009" classname="testNg.Framework.DifferentAnnotation"/>
  <testcase name="logintest" time="0.001" classname="testNg.Framework.TestNgFeature">
    <failure type="java.lang.ArithmeticException" message="/ by zero">
      <![CDATA[java.lang.ArithmeticException: / by zero
at testNg.Framework.TestNgFeature.logintest(TestNgFeature.java:10)
... Removed 25 stack frames]]>
    </failure>
  </testcase> <!-- logintest -->
  <testcase name="Registrationpagetest" time="0.002" classname="testNg.Framework.TestNgFeature"/>
</testsuite> <!-- Test -->
